TN:
SF:src/app.tsx
FN:22,CameraPositionTracker
FN:28,(anonymous_10)
FN:43,Scene
FN:65,(anonymous_12)
FN:116,App
FN:132,(anonymous_14)
FN:138,(anonymous_15)
FN:142,(anonymous_16)
FN:147,(anonymous_17)
FN:151,(anonymous_18)
FN:169,(anonymous_19)
FN:176,(anonymous_20)
FN:191,(anonymous_21)
FN:198,(anonymous_22)
FN:222,(anonymous_23)
FN:223,(anonymous_24)
FNF:16
FNH:0
FNDA:0,CameraPositionTracker
FNDA:0,(anonymous_10)
FNDA:0,Scene
FNDA:0,(anonymous_12)
FNDA:0,App
FNDA:0,(anonymous_14)
FNDA:0,(anonymous_15)
FNDA:0,(anonymous_16)
FNDA:0,(anonymous_17)
FNDA:0,(anonymous_18)
FNDA:0,(anonymous_19)
FNDA:0,(anonymous_20)
FNDA:0,(anonymous_21)
FNDA:0,(anonymous_22)
FNDA:0,(anonymous_23)
FNDA:0,(anonymous_24)
DA:1,0
DA:2,0
DA:3,0
DA:4,0
DA:5,0
DA:6,0
DA:7,0
DA:8,0
DA:9,0
DA:10,0
DA:11,0
DA:12,0
DA:13,0
DA:14,0
DA:19,0
DA:26,0
DA:28,0
DA:29,0
DA:30,0
DA:32,0
DA:33,0
DA:34,0
DA:38,0
DA:59,0
DA:62,0
DA:65,0
DA:66,0
DA:67,0
DA:68,0
DA:69,0
DA:70,0
DA:74,0
DA:116,0
DA:117,0
DA:118,0
DA:119,0
DA:120,0
DA:121,0
DA:122,0
DA:132,0
DA:133,0
DA:134,0
DA:138,0
DA:139,0
DA:142,0
DA:143,0
DA:144,0
DA:147,0
DA:148,0
DA:151,0
DA:160,0
DA:163,0
DA:164,0
DA:167,0
DA:169,0
DA:170,0
DA:171,0
DA:172,0
DA:173,0
DA:176,0
DA:177,0
DA:180,0
DA:181,0
DA:182,0
DA:183,0
DA:185,0
DA:191,0
DA:192,0
DA:194,0
DA:195,0
DA:198,0
DA:199,0
DA:200,0
DA:203,0
DA:205,0
DA:206,0
DA:207,0
DA:208,0
DA:210,0
DA:216,0
DA:218,0
DA:222,0
DA:223,0
DA:224,0
DA:226,0
DA:227,0
DA:232,0
DA:234,0
LF:88
LH:0
BRDA:29,0,0,0
BRDA:32,1,0,0
BRDA:69,2,0,0
BRDA:92,3,0,0
BRDA:92,3,1,0
BRDA:95,4,0,0
BRDA:95,4,1,0
BRDA:95,4,2,0
BRDA:108,5,0,0
BRDA:108,5,1,0
BRDA:108,5,2,0
BRDA:111,6,0,0
BRDA:111,6,1,0
BRDA:111,6,2,0
BRDA:133,7,0,0
BRDA:170,8,0,0
BRDA:177,9,0,0
BRDA:177,10,0,0
BRDA:177,10,1,0
BRDA:192,11,0,0
BRDA:199,12,0,0
BRDA:199,13,0,0
BRDA:199,13,1,0
BRDA:199,13,2,0
BRDA:240,14,0,0
BRDA:240,14,1,0
BRDA:255,15,0,0
BRDA:255,15,1,0
BRF:28
BRH:0
end_of_record
TN:
SF:src/axes.tsx
FN:6,BillboardText
FN:10,(anonymous_1)
FN:23,AxesHelper
FNF:3
FNH:0
FNDA:0,BillboardText
FNDA:0,(anonymous_1)
FNDA:0,AxesHelper
DA:1,0
DA:2,0
DA:3,0
DA:7,0
DA:8,0
DA:10,0
DA:11,0
DA:12,0
DA:16,0
DA:23,0
DA:24,0
LF:11
LH:0
BRDA:11,0,0,0
BRF:1
BRH:0
end_of_record
TN:
SF:src/bounding-box.tsx
FN:24,BoundingBox
FN:34,(anonymous_10)
FN:40,(anonymous_11)
FN:45,(anonymous_12)
FNF:4
FNH:0
FNDA:0,BoundingBox
FNDA:0,(anonymous_10)
FNDA:0,(anonymous_11)
FNDA:0,(anonymous_12)
DA:13,0
DA:14,0
DA:15,0
DA:24,0
DA:30,0
DA:31,0
DA:34,0
DA:35,0
DA:36,0
DA:37,0
DA:40,0
DA:41,0
DA:43,0
DA:45,0
DA:46,0
DA:47,0
DA:51,0
DA:53,0
DA:54,0
DA:56,0
DA:57,0
DA:62,0
LF:22
LH:0
BRDA:26,0,0,0
BRDA:27,1,0,0
BRDA:28,2,0,0
BRDA:41,3,0,0
BRDA:41,4,0,0
BRDA:41,4,1,0
BRDA:41,4,2,0
BRDA:46,5,0,0
BRDA:51,6,0,0
BRDA:65,7,0,0
BRDA:65,7,1,0
BRF:11
BRH:0
end_of_record
TN:
SF:src/box-shaders.tsx
FN:51,BoxShaders
FN:56,(anonymous_1)
FN:64,(anonymous_2)
FN:74,(anonymous_3)
FN:75,(anonymous_4)
FN:76,(anonymous_5)
FNF:6
FNH:0
FNDA:0,BoxShaders
FNDA:0,(anonymous_1)
FNDA:0,(anonymous_2)
FNDA:0,(anonymous_3)
FNDA:0,(anonymous_4)
FNDA:0,(anonymous_5)
DA:2,0
DA:3,0
DA:4,0
DA:7,0
DA:37,0
DA:51,0
DA:52,0
DA:53,0
DA:54,0
DA:55,0
DA:56,0
DA:64,0
DA:65,0
DA:66,0
DA:67,0
DA:69,0
DA:74,0
DA:75,0
DA:76,0
LF:19
LH:0
BRDA:73,0,0,0
BRDA:73,0,1,0
BRF:2
BRH:0
end_of_record
TN:
SF:src/box.tsx
FN:5,Box
FN:9,(anonymous_1)
FN:15,(anonymous_2)
FN:16,(anonymous_3)
FN:17,(anonymous_4)
FNF:5
FNH:0
FNDA:0,Box
FNDA:0,(anonymous_1)
FNDA:0,(anonymous_2)
FNDA:0,(anonymous_3)
FNDA:0,(anonymous_4)
DA:2,0
DA:3,0
DA:5,0
DA:6,0
DA:7,0
DA:8,0
DA:9,0
DA:10,0
DA:15,0
DA:16,0
DA:17,0
LF:11
LH:0
BRDA:14,0,0,0
BRDA:14,0,1,0
BRDA:19,1,0,0
BRDA:19,1,1,0
BRF:4
BRH:0
end_of_record
TN:
SF:src/camera-controls.tsx
FN:11,(anonymous_9)
FN:42,(anonymous_10)
FN:43,(anonymous_11)
FN:48,(anonymous_12)
FN:62,(anonymous_13)
FN:68,(anonymous_14)
FN:74,(anonymous_15)
FN:81,(anonymous_16)
FN:91,(anonymous_17)
FN:94,(anonymous_18)
FN:104,(anonymous_19)
FN:108,(anonymous_20)
FN:121,(anonymous_21)
FN:130,(anonymous_22)
FN:143,(anonymous_23)
FN:188,(anonymous_24)
FN:202,(anonymous_25)
FN:212,(anonymous_26)
FN:250,(anonymous_27)
FNF:19
FNH:0
FNDA:0,(anonymous_9)
FNDA:0,(anonymous_10)
FNDA:0,(anonymous_11)
FNDA:0,(anonymous_12)
FNDA:0,(anonymous_13)
FNDA:0,(anonymous_14)
FNDA:0,(anonymous_15)
FNDA:0,(anonymous_16)
FNDA:0,(anonymous_17)
FNDA:0,(anonymous_18)
FNDA:0,(anonymous_19)
FNDA:0,(anonymous_20)
FNDA:0,(anonymous_21)
FNDA:0,(anonymous_22)
FNDA:0,(anonymous_23)
FNDA:0,(anonymous_24)
FNDA:0,(anonymous_25)
FNDA:0,(anonymous_26)
FNDA:0,(anonymous_27)
DA:1,0
DA:2,0
DA:3,0
DA:11,0
DA:12,0
DA:13,0
DA:29,0
DA:30,0
DA:31,0
DA:32,0
DA:33,0
DA:36,0
DA:37,0
DA:38,0
DA:39,0
DA:42,0
DA:44,0
DA:45,0
DA:46,0
DA:50,0
DA:53,0
DA:54,0
DA:55,0
DA:57,0
DA:58,0
DA:60,0
DA:63,0
DA:68,0
DA:69,0
DA:70,0
DA:71,0
DA:74,0
DA:76,0
DA:77,0
DA:78,0
DA:79,0
DA:81,0
DA:83,0
DA:84,0
DA:89,0
DA:91,0
DA:94,0
DA:96,0
DA:97,0
DA:102,0
DA:104,0
DA:108,0
DA:109,0
DA:110,0
DA:111,0
DA:112,0
DA:113,0
DA:116,0
DA:117,0
DA:121,0
DA:122,0
DA:123,0
DA:125,0
DA:130,0
DA:131,0
DA:133,0
DA:134,0
DA:136,0
DA:137,0
DA:138,0
DA:140,0
DA:143,0
DA:144,0
DA:145,0
DA:146,0
DA:149,0
DA:150,0
DA:151,0
DA:155,0
DA:156,0
DA:161,0
DA:162,0
DA:164,0
DA:165,0
DA:168,0
DA:175,0
DA:176,0
DA:180,0
DA:181,0
DA:182,0
DA:188,0
DA:189,0
DA:190,0
DA:191,0
DA:194,0
DA:196,0
DA:197,0
DA:198,0
DA:199,0
DA:200,0
DA:202,0
DA:203,0
DA:204,0
DA:205,0
DA:206,0
DA:207,0
DA:212,0
DA:213,0
DA:216,0
DA:217,0
DA:218,0
DA:220,0
DA:221,0
DA:224,0
DA:225,0
DA:227,0
DA:228,0
DA:230,0
DA:231,0
DA:233,0
DA:234,0
DA:236,0
DA:237,0
DA:239,0
DA:240,0
DA:244,0
DA:245,0
DA:246,0
DA:250,0
DA:251,0
DA:254,0
LF:126
LH:0
BRDA:84,0,0,0
BRDA:84,1,0,0
BRDA:84,1,1,0
BRDA:84,1,2,0
BRDA:84,1,3,0
BRDA:84,1,4,0
BRDA:97,2,0,0
BRDA:97,3,0,0
BRDA:97,3,1,0
BRDA:97,3,2,0
BRDA:97,3,3,0
BRDA:97,3,4,0
BRDA:109,4,0,0
BRDA:116,5,0,0
BRDA:122,6,0,0
BRDA:122,7,0,0
BRDA:122,7,1,0
BRDA:131,8,0,0
BRDA:131,9,0,0
BRDA:131,9,1,0
BRDA:133,10,0,0
BRDA:133,10,1,0
BRDA:134,11,0,0
BRDA:134,11,1,0
BRDA:144,12,0,0
BRDA:149,13,0,0
BRDA:155,14,0,0
BRDA:155,15,0,0
BRDA:155,15,1,0
BRDA:161,16,0,0
BRDA:164,17,0,0
BRDA:181,18,0,0
BRDA:224,19,0,0
BRDA:224,20,0,0
BRDA:224,20,1,0
BRDA:227,21,0,0
BRDA:227,22,0,0
BRDA:227,22,1,0
BRDA:230,23,0,0
BRDA:230,24,0,0
BRDA:230,24,1,0
BRDA:233,25,0,0
BRDA:233,26,0,0
BRDA:233,26,1,0
BRDA:236,27,0,0
BRDA:236,28,0,0
BRDA:236,28,1,0
BRDA:239,29,0,0
BRDA:239,30,0,0
BRDA:239,30,1,0
BRDA:244,31,0,0
BRF:51
BRH:0
end_of_record
TN:
SF:src/distance-streaming.ts
FN:25,createStreamingState
FN:37,shouldUpdateStreaming
FN:67,getItemsToLoadUnload
FN:93,disposeObject3D
FNF:4
FNH:1
FNDA:22,createStreamingState
FNDA:0,shouldUpdateStreaming
FNDA:0,getItemsToLoadUnload
FNDA:0,disposeObject3D
DA:2,1
DA:25,1
DA:26,22
DA:37,1
DA:42,0
DA:43,0
DA:46,0
DA:47,0
DA:50,0
DA:51,0
DA:52,0
DA:54,0
DA:56,0
DA:57,0
DA:58,0
DA:61,0
DA:67,1
DA:73,0
DA:74,0
DA:76,0
DA:77,0
DA:78,0
DA:80,0
DA:81,0
DA:82,0
DA:83,0
DA:87,0
DA:93,1
DA:94,0
DA:97,0
DA:98,0
DA:102,0
DA:103,0
DA:104,0
LF:34
LH:6
BRDA:42,0,0,0
BRDA:42,0,1,0
BRDA:43,1,0,0
BRDA:43,1,1,0
BRDA:47,2,0,0
BRDA:47,2,1,0
BRDA:50,3,0,0
BRDA:50,4,0,0
BRDA:50,4,1,0
BRDA:56,5,0,0
BRDA:80,6,0,0
BRDA:80,6,1,0
BRDA:80,7,0,0
BRDA:80,7,1,0
BRDA:82,8,0,0
BRDA:82,9,0,0
BRDA:82,9,1,0
BRDA:94,10,0,0
BRDA:97,11,0,0
BRDA:102,12,0,0
BRDA:102,13,0,0
BRDA:102,13,1,0
BRF:22
BRH:0
end_of_record
TN:
SF:src/index.tsx
FNF:0
FNH:0
DA:1,0
DA:2,0
DA:3,0
DA:5,0
LF:4
LH:0
BRF:0
BRH:0
end_of_record
TN:
SF:src/mesh-utils.ts
FN:9,loadCompiledTexAsDataTexture
FN:62,loadMeshCached
FN:113,buildThreeJSGeometry
FN:149,buildMaterialGroups
FN:210,createMeshMaterial
FN:290,buildThreeJSGeometryAndMaterials
FN:318,createTextSprite
FNF:7
FNH:1
FNDA:0,loadCompiledTexAsDataTexture
FNDA:4,loadMeshCached
FNDA:0,buildThreeJSGeometry
FNDA:0,buildMaterialGroups
FNDA:0,createMeshMaterial
FNDA:0,buildThreeJSGeometryAndMaterials
FNDA:0,createTextSprite
DA:2,1
DA:4,1
DA:9,1
DA:13,0
DA:15,0
DA:16,0
DA:17,0
DA:19,0
DA:20,0
DA:21,0
DA:22,0
DA:24,0
DA:28,0
DA:29,0
DA:31,0
DA:32,0
DA:33,0
DA:35,0
DA:36,0
DA:37,0
DA:38,0
DA:40,0
DA:41,0
DA:42,0
DA:43,0
DA:44,0
DA:46,0
DA:47,0
DA:48,0
DA:49,0
DA:50,0
DA:52,0
DA:54,0
DA:62,1
DA:68,4
DA:69,4
DA:70,0
DA:73,4
DA:74,4
DA:75,4
DA:76,0
DA:79,4
DA:80,4
DA:83,4
DA:84,4
DA:85,4
DA:87,0
DA:88,0
DA:92,0
DA:93,0
DA:96,0
DA:97,0
DA:101,0
DA:102,0
DA:104,4
DA:105,4
DA:113,1
DA:114,0
DA:117,0
DA:118,0
DA:119,0
DA:121,0
DA:122,0
DA:123,0
DA:125,0
DA:126,0
DA:127,0
DA:129,0
DA:130,0
DA:131,0
DA:133,0
DA:134,0
DA:137,0
DA:138,0
DA:139,0
DA:140,0
DA:142,0
DA:149,1
DA:153,0
DA:154,0
DA:156,0
DA:157,0
DA:159,0
DA:160,0
DA:162,0
DA:163,0
DA:164,0
DA:165,0
DA:167,0
DA:168,0
DA:176,1
DA:210,1
DA:216,0
DA:217,0
DA:221,0
DA:222,0
DA:223,0
DA:224,0
DA:225,0
DA:228,0
DA:229,0
DA:230,0
DA:234,0
DA:242,0
DA:243,0
DA:248,0
DA:249,0
DA:250,0
DA:254,0
DA:262,0
DA:263,0
DA:264,0
DA:266,0
DA:267,0
DA:268,0
DA:269,0
DA:270,0
DA:271,0
DA:274,0
DA:275,0
DA:276,0
DA:282,0
DA:283,0
DA:290,1
DA:296,0
DA:299,0
DA:302,0
DA:305,0
DA:306,0
DA:307,0
DA:308,0
DA:309,0
DA:312,0
DA:318,1
DA:319,0
DA:320,0
DA:321,0
DA:322,0
DA:326,0
DA:327,0
DA:330,0
DA:331,0
DA:332,0
DA:333,0
DA:336,0
DA:337,0
DA:338,0
DA:341,0
DA:342,0
DA:345,0
DA:346,0
DA:349,0
DA:356,0
DA:357,0
DA:358,0
DA:360,0
LF:156
LH:22
BRDA:13,0,0,0
BRDA:17,1,0,0
BRDA:19,2,0,0
BRDA:19,2,1,0
BRDA:19,3,0,0
BRDA:19,3,1,0
BRDA:22,4,0,0
BRDA:33,5,0,0
BRDA:33,6,0,0
BRDA:33,6,1,0
BRDA:38,7,0,0
BRDA:69,8,0,0
BRDA:75,9,0,0
BRDA:85,10,0,4
BRDA:85,10,1,0
BRDA:87,11,0,0
BRDA:87,12,0,0
BRDA:87,12,1,0
BRDA:96,13,0,0
BRDA:96,14,0,0
BRDA:96,14,1,0
BRDA:160,15,0,0
BRDA:160,15,1,0
BRDA:162,16,0,0
BRDA:162,17,0,0
BRDA:162,17,1,0
BRDA:216,18,0,0
BRDA:216,18,1,0
BRDA:217,19,0,0
BRDA:217,19,1,0
BRDA:221,20,0,0
BRDA:221,21,0,0
BRDA:221,21,1,0
BRDA:225,22,0,0
BRDA:225,22,1,0
BRDA:229,23,0,0
BRDA:229,24,0,0
BRDA:229,24,1,0
BRDA:249,25,0,0
BRDA:249,26,0,0
BRDA:249,26,1,0
BRDA:262,27,0,0
BRDA:262,28,0,0
BRDA:262,28,1,0
BRDA:264,29,0,0
BRDA:267,30,0,0
BRDA:269,31,0,0
BRDA:274,32,0,0
BRDA:321,33,0,0
BRF:49
BRH:1
end_of_record
TN:
SF:src/navigation.tsx
FN:9,NavigationBox
FN:13,(anonymous_1)
FN:39,(anonymous_2)
FN:44,(anonymous_3)
FN:49,(anonymous_4)
FN:54,(anonymous_5)
FN:59,(anonymous_6)
FN:64,(anonymous_7)
FN:77,NavigationOverlay
FNF:9
FNH:0
FNDA:0,NavigationBox
FNDA:0,(anonymous_1)
FNDA:0,(anonymous_2)
FNDA:0,(anonymous_3)
FNDA:0,(anonymous_4)
FNDA:0,(anonymous_5)
FNDA:0,(anonymous_6)
FNDA:0,(anonymous_7)
FNDA:0,NavigationOverlay
DA:1,0
DA:2,0
DA:9,0
DA:10,0
DA:13,0
DA:14,0
DA:16,0
DA:17,0
DA:19,0
DA:20,0
DA:22,0
DA:23,0
DA:25,0
DA:26,0
DA:28,0
DA:29,0
DA:31,0
DA:32,0
DA:36,0
DA:39,0
DA:44,0
DA:49,0
DA:54,0
DA:59,0
DA:64,0
DA:77,0
DA:78,0
LF:27
LH:0
BRDA:14,0,0,0
BRDA:14,0,1,0
BRDA:14,0,2,0
BRDA:14,0,3,0
BRDA:14,0,4,0
BRDA:14,0,5,0
BRF:6
BRH:0
end_of_record
TN:
SF:src/npc-renderer.tsx
FN:39,NpcRenderer
FN:62,(anonymous_10)
FN:131,(anonymous_11)
FN:135,(anonymous_12)
FN:186,(anonymous_13)
FN:212,(anonymous_14)
FN:235,(anonymous_15)
FN:259,(anonymous_16)
FN:296,(anonymous_17)
FN:307,(anonymous_18)
FN:320,(anonymous_19)
FN:321,(anonymous_20)
FNF:12
FNH:0
FNDA:0,NpcRenderer
FNDA:0,(anonymous_10)
FNDA:0,(anonymous_11)
FNDA:0,(anonymous_12)
FNDA:0,(anonymous_13)
FNDA:0,(anonymous_14)
FNDA:0,(anonymous_15)
FNDA:0,(anonymous_16)
FNDA:0,(anonymous_17)
FNDA:0,(anonymous_18)
FNDA:0,(anonymous_19)
FNDA:0,(anonymous_20)
DA:1,0
DA:2,0
DA:3,0
DA:5,0
DA:7,0
DA:8,0
DA:9,0
DA:39,0
DA:40,0
DA:41,0
DA:42,0
DA:50,0
DA:51,0
DA:52,0
DA:53,0
DA:56,0
DA:59,0
DA:62,0
DA:63,0
DA:64,0
DA:67,0
DA:68,0
DA:69,0
DA:71,0
DA:72,0
DA:73,0
DA:76,0
DA:77,0
DA:78,0
DA:81,0
DA:85,0
DA:87,0
DA:88,0
DA:90,0
DA:97,0
DA:98,0
DA:100,0
DA:101,0
DA:102,0
DA:104,0
DA:106,0
DA:111,0
DA:116,0
DA:117,0
DA:122,0
DA:123,0
DA:127,0
DA:131,0
DA:132,0
DA:135,0
DA:136,0
DA:137,0
DA:138,0
DA:142,0
DA:143,0
DA:144,0
DA:145,0
DA:146,0
DA:149,0
DA:150,0
DA:152,0
DA:153,0
DA:169,0
DA:171,0
DA:172,0
DA:173,0
DA:176,0
DA:177,0
DA:178,0
DA:180,0
DA:181,0
DA:182,0
DA:183,0
DA:186,0
DA:187,0
DA:188,0
DA:189,0
DA:190,0
DA:191,0
DA:192,0
DA:193,0
DA:194,0
DA:195,0
DA:198,0
DA:200,0
DA:202,0
DA:203,0
DA:204,0
DA:205,0
DA:206,0
DA:212,0
DA:213,0
DA:214,0
DA:217,0
DA:225,0
DA:227,0
DA:233,0
DA:235,0
DA:241,0
DA:242,0
DA:243,0
DA:244,0
DA:245,0
DA:250,0
DA:258,0
DA:259,0
DA:260,0
DA:263,0
DA:264,0
DA:267,0
DA:268,0
DA:269,0
DA:270,0
DA:271,0
DA:273,0
DA:276,0
DA:280,0
DA:281,0
DA:282,0
DA:283,0
DA:284,0
DA:285,0
DA:286,0
DA:287,0
DA:288,0
DA:289,0
DA:296,0
DA:297,0
DA:298,0
DA:301,0
DA:303,0
DA:304,0
DA:306,0
DA:307,0
DA:308,0
DA:309,0
DA:312,0
DA:313,0
DA:314,0
DA:320,0
DA:321,0
DA:322,0
DA:323,0
DA:325,0
DA:326,0
DA:327,0
DA:328,0
DA:329,0
DA:330,0
DA:332,0
DA:333,0
DA:339,0
LF:152
LH:0
BRDA:39,0,0,0
BRDA:63,1,0,0
BRDA:63,2,0,0
BRDA:63,2,1,0
BRDA:63,2,2,0
BRDA:77,3,0,0
BRDA:77,3,1,0
BRDA:87,4,0,0
BRDA:87,4,1,0
BRDA:87,5,0,0
BRDA:87,5,1,0
BRDA:104,6,0,0
BRDA:116,7,0,0
BRDA:116,7,1,0
BRDA:122,8,0,0
BRDA:122,8,1,0
BRDA:136,9,0,0
BRDA:138,10,0,0
BRDA:138,10,1,0
BRDA:142,11,0,0
BRDA:142,12,0,0
BRDA:142,12,1,0
BRDA:143,13,0,0
BRDA:143,14,0,0
BRDA:143,14,1,0
BRDA:169,15,0,0
BRDA:171,16,0,0
BRDA:178,17,0,0
BRDA:181,18,0,0
BRDA:188,19,0,0
BRDA:188,20,0,0
BRDA:188,20,1,0
BRDA:203,21,0,0
BRDA:205,22,0,0
BRDA:213,23,0,0
BRDA:213,24,0,0
BRDA:213,24,1,0
BRDA:213,24,2,0
BRDA:225,25,0,0
BRDA:225,25,1,0
BRDA:225,26,0,0
BRDA:225,26,1,0
BRDA:233,27,0,0
BRDA:244,28,0,0
BRDA:260,29,0,0
BRDA:267,30,0,0
BRDA:282,31,0,0
BRDA:282,32,0,0
BRDA:282,32,1,0
BRDA:286,33,0,0
BRDA:286,34,0,0
BRDA:286,34,1,0
BRDA:297,35,0,0
BRDA:301,36,0,0
BRDA:301,37,0,0
BRDA:301,37,1,0
BRDA:303,38,0,0
BRDA:303,38,1,0
BRDA:303,39,0,0
BRDA:303,39,1,0
BRDA:304,40,0,0
BRDA:308,41,0,0
BRDA:313,42,0,0
BRDA:322,43,0,0
BRDA:329,44,0,0
BRDA:329,45,0,0
BRDA:329,45,1,0
BRF:67
BRH:0
end_of_record
TN:
SF:src/npc-utils.ts
FN:10,findActiveRoutineWaypoint
FN:44,getMapKey
FN:46,(anonymous_11)
FN:47,(anonymous_12)
FN:53,createNpcMesh
FNF:5
FNH:0
FNDA:0,findActiveRoutineWaypoint
FNDA:0,getMapKey
FNDA:0,(anonymous_11)
FNDA:0,(anonymous_12)
FNDA:0,createNpcMesh
DA:2,0
DA:4,0
DA:10,0
DA:11,0
DA:12,0
DA:16,0
DA:18,0
DA:19,0
DA:20,0
DA:22,0
DA:25,0
DA:27,0
DA:30,0
DA:33,0
DA:34,0
DA:38,0
DA:44,0
DA:45,0
DA:46,0
DA:47,0
DA:53,0
DA:54,0
DA:55,0
DA:58,0
DA:59,0
DA:64,0
DA:65,0
DA:66,0
DA:67,0
DA:70,0
DA:71,0
DA:72,0
DA:73,0
DA:74,0
DA:76,0
DA:80,0
DA:81,0
DA:83,0
LF:38
LH:0
BRDA:10,0,0,0
BRDA:11,1,0,0
BRDA:11,2,0,0
BRDA:11,2,1,0
BRDA:19,3,0,0
BRDA:19,3,1,0
BRDA:20,4,0,0
BRDA:20,4,1,0
BRDA:25,5,0,0
BRDA:25,5,1,0
BRDA:27,6,0,0
BRDA:27,6,1,0
BRDA:30,7,0,0
BRDA:30,7,1,0
BRDA:33,8,0,0
BRDA:33,9,0,0
BRDA:33,9,1,0
BRDA:70,10,0,0
BRDA:70,10,1,0
BRF:19
BRH:0
end_of_record
TN:
SF:src/sky.tsx
FN:10,SkyComponent
FN:19,(anonymous_10)
FN:24,(anonymous_11)
FN:29,(anonymous_12)
FN:189,(anonymous_13)
FN:192,(anonymous_14)
FN:199,(anonymous_15)
FN:201,(anonymous_16)
FN:223,(anonymous_17)
FN:233,(anonymous_18)
FN:241,(anonymous_19)
FNF:11
FNH:0
FNDA:0,SkyComponent
FNDA:0,(anonymous_10)
FNDA:0,(anonymous_11)
FNDA:0,(anonymous_12)
FNDA:0,(anonymous_13)
FNDA:0,(anonymous_14)
FNDA:0,(anonymous_15)
FNDA:0,(anonymous_16)
FNDA:0,(anonymous_17)
FNDA:0,(anonymous_18)
FNDA:0,(anonymous_19)
DA:1,0
DA:2,0
DA:3,0
DA:10,0
DA:14,0
DA:15,0
DA:16,0
DA:19,0
DA:20,0
DA:24,0
DA:25,0
DA:29,0
DA:30,0
DA:98,0
DA:171,0
DA:189,0
DA:192,0
DA:193,0
DA:194,0
DA:199,0
DA:200,0
DA:201,0
DA:202,0
DA:204,0
DA:205,0
DA:206,0
DA:207,0
DA:210,0
DA:213,0
DA:216,0
DA:219,0
DA:223,0
DA:224,0
DA:227,0
DA:230,0
DA:233,0
DA:234,0
DA:235,0
DA:236,0
DA:241,0
DA:242,0
DA:243,0
DA:247,0
LF:43
LH:0
BRDA:11,0,0,0
BRDA:175,1,0,0
BRDA:175,1,1,0
BRDA:193,2,0,0
BRDA:200,3,0,0
BRDA:200,4,0,0
BRDA:200,4,1,0
BRDA:200,4,2,0
BRDA:230,5,0,0
BRDA:234,6,0,0
BRDA:234,7,0,0
BRDA:234,7,1,0
BRDA:242,8,0,0
BRF:13
BRH:0
end_of_record
TN:
SF:src/vm-manager.tsx
FN:15,loadDaedalusScript
FN:40,createVm
FN:47,registerExternalSafe
FN:68,getNpcInfo
FN:123,registerVmExternals
FN:128,(anonymous_5)
FN:137,(anonymous_6)
FN:146,(anonymous_7)
FN:150,(anonymous_8)
FN:178,(anonymous_9)
FN:179,(anonymous_10)
FN:266,(anonymous_11)
FN:296,(anonymous_12)
FN:303,(anonymous_13)
FN:324,(anonymous_14)
FN:362,registerEmptyExternals
FN:740,(anonymous_16)
FN:741,(anonymous_17)
FN:747,(anonymous_18)
FN:748,(anonymous_19)
FN:754,(anonymous_20)
FN:759,(anonymous_21)
FN:760,(anonymous_22)
FN:765,(anonymous_23)
FN:766,(anonymous_24)
FN:770,(anonymous_25)
FN:771,(anonymous_26)
FN:775,(anonymous_27)
FN:776,(anonymous_28)
FN:783,callStartupFunction
FN:807,loadVm
FNF:31
FNH:0
FNDA:0,loadDaedalusScript
FNDA:0,createVm
FNDA:0,registerExternalSafe
FNDA:0,getNpcInfo
FNDA:0,registerVmExternals
FNDA:0,(anonymous_5)
FNDA:0,(anonymous_6)
FNDA:0,(anonymous_7)
FNDA:0,(anonymous_8)
FNDA:0,(anonymous_9)
FNDA:0,(anonymous_10)
FNDA:0,(anonymous_11)
FNDA:0,(anonymous_12)
FNDA:0,(anonymous_13)
FNDA:0,(anonymous_14)
FNDA:0,registerEmptyExternals
FNDA:0,(anonymous_16)
FNDA:0,(anonymous_17)
FNDA:0,(anonymous_18)
FNDA:0,(anonymous_19)
FNDA:0,(anonymous_20)
FNDA:0,(anonymous_21)
FNDA:0,(anonymous_22)
FNDA:0,(anonymous_23)
FNDA:0,(anonymous_24)
FNDA:0,(anonymous_25)
FNDA:0,(anonymous_26)
FNDA:0,(anonymous_27)
FNDA:0,(anonymous_28)
FNDA:0,callStartupFunction
FNDA:0,loadVm
DA:15,0
DA:19,0
DA:20,0
DA:21,0
DA:24,0
DA:25,0
DA:27,0
DA:28,0
DA:30,0
DA:31,0
DA:34,0
DA:40,0
DA:41,0
DA:52,0
DA:53,0
DA:56,0
DA:57,0
DA:60,0
DA:69,0
DA:74,0
DA:75,0
DA:76,0
DA:81,0
DA:82,0
DA:83,0
DA:87,0
DA:96,0
DA:97,0
DA:98,0
DA:99,0
DA:100,0
DA:101,0
DA:104,0
DA:105,0
DA:106,0
DA:115,0
DA:123,0
DA:125,0
DA:126,0
DA:128,0
DA:129,0
DA:130,0
DA:131,0
DA:132,0
DA:134,0
DA:137,0
DA:138,0
DA:139,0
DA:146,0
DA:147,0
DA:160,0
DA:161,0
DA:163,0
DA:178,0
DA:179,0
DA:180,0
DA:181,0
DA:182,0
DA:185,0
DA:188,0
DA:189,0
DA:191,0
DA:192,0
DA:194,0
DA:195,0
DA:197,0
DA:198,0
DA:200,0
DA:201,0
DA:203,0
DA:205,0
DA:208,0
DA:209,0
DA:212,0
DA:215,0
DA:216,0
DA:217,0
DA:218,0
DA:220,0
DA:221,0
DA:222,0
DA:225,0
DA:228,0
DA:229,0
DA:230,0
DA:240,0
DA:241,0
DA:242,0
DA:254,0
DA:259,0
DA:260,0
DA:262,0
DA:263,0
DA:266,0
DA:267,0
DA:268,0
DA:269,0
DA:270,0
DA:274,0
DA:278,0
DA:280,0
DA:282,0
DA:283,0
DA:284,0
DA:285,0
DA:292,0
DA:296,0
DA:297,0
DA:298,0
DA:299,0
DA:303,0
DA:304,0
DA:305,0
DA:306,0
DA:309,0
DA:310,0
DA:312,0
DA:315,0
DA:324,0
DA:325,0
DA:326,0
DA:327,0
DA:330,0
DA:331,0
DA:334,0
DA:335,0
DA:337,0
DA:340,0
DA:362,0
DA:364,0
DA:577,0
DA:586,0
DA:709,0
DA:725,0
DA:735,0
DA:740,0
DA:741,0
DA:747,0
DA:748,0
DA:754,0
DA:755,0
DA:759,0
DA:760,0
DA:765,0
DA:766,0
DA:770,0
DA:771,0
DA:775,0
DA:776,0
DA:783,0
DA:784,0
DA:785,0
DA:786,0
DA:789,0
DA:790,0
DA:791,0
DA:792,0
DA:793,0
DA:795,0
DA:797,0
DA:798,0
DA:799,0
DA:807,0
DA:814,0
DA:817,0
DA:820,0
DA:823,0
DA:827,0
DA:828,0
DA:830,0
DA:831,0
DA:833,0
DA:834,0
DA:838,0
DA:840,0
LF:175
LH:0
BRDA:17,0,0,0
BRDA:20,1,0,0
BRDA:30,2,0,0
BRDA:31,3,0,0
BRDA:31,3,1,0
BRDA:52,4,0,0
BRDA:75,5,0,0
BRDA:82,6,0,0
BRDA:82,7,0,0
BRDA:82,7,1,0
BRDA:98,8,0,0
BRDA:98,8,1,0
BRDA:100,9,0,0
BRDA:100,10,0,0
BRDA:100,10,1,0
BRDA:105,11,0,0
BRDA:105,12,0,0
BRDA:105,12,1,0
BRDA:129,13,0,0
BRDA:129,14,0,0
BRDA:129,14,1,0
BRDA:130,15,0,0
BRDA:130,16,0,0
BRDA:130,16,1,0
BRDA:132,17,0,0
BRDA:132,18,0,0
BRDA:132,18,1,0
BRDA:138,19,0,0
BRDA:161,20,0,0
BRDA:161,21,0,0
BRDA:161,21,1,0
BRDA:165,22,0,0
BRDA:165,22,1,0
BRDA:166,23,0,0
BRDA:166,23,1,0
BRDA:168,24,0,0
BRDA:168,24,1,0
BRDA:169,25,0,0
BRDA:169,25,1,0
BRDA:170,26,0,0
BRDA:170,26,1,0
BRDA:180,27,0,0
BRDA:188,28,0,0
BRDA:188,28,1,0
BRDA:191,29,0,0
BRDA:191,30,0,0
BRDA:191,30,1,0
BRDA:194,31,0,0
BRDA:194,32,0,0
BRDA:194,32,1,0
BRDA:197,33,0,0
BRDA:197,34,0,0
BRDA:197,34,1,0
BRDA:200,35,0,0
BRDA:200,36,0,0
BRDA:200,36,1,0
BRDA:203,37,0,0
BRDA:203,38,0,0
BRDA:203,38,1,0
BRDA:203,38,2,0
BRDA:203,38,3,0
BRDA:208,39,0,0
BRDA:208,39,1,0
BRDA:215,40,0,0
BRDA:218,41,0,0
BRDA:218,42,0,0
BRDA:218,42,1,0
BRDA:221,43,0,0
BRDA:221,44,0,0
BRDA:221,44,1,0
BRDA:229,45,0,0
BRDA:240,46,0,0
BRDA:248,47,0,0
BRDA:248,47,1,0
BRDA:269,48,0,0
BRDA:269,49,0,0
BRDA:269,49,1,0
BRDA:274,50,0,0
BRDA:274,50,1,0
BRDA:274,51,0,0
BRDA:274,51,1,0
BRDA:284,52,0,0
BRDA:284,53,0,0
BRDA:284,53,1,0
BRDA:297,54,0,0
BRDA:299,55,0,0
BRDA:299,55,1,0
BRDA:299,56,0,0
BRDA:299,56,1,0
BRDA:304,57,0,0
BRDA:325,58,0,0
BRDA:755,59,0,0
BRDA:755,59,1,0
BRDA:783,60,0,0
BRDA:784,61,0,0
BRDA:791,62,0,0
BRDA:792,63,0,0
BRDA:792,63,1,0
BRDA:797,64,0,0
BRDA:797,64,1,0
BRDA:809,65,0,0
BRDA:810,66,0,0
BRDA:830,67,0,0
BRDA:833,68,0,0
BRF:104
BRH:0
end_of_record
TN:
SF:src/vob-bounding-box.tsx
FN:18,VOBBoundingBox
FN:27,(anonymous_10)
FN:41,(anonymous_11)
FN:78,(anonymous_12)
FN:79,(anonymous_13)
FN:85,(anonymous_14)
FN:91,(anonymous_15)
FN:101,(anonymous_16)
FN:113,(anonymous_17)
FN:142,(anonymous_18)
FNF:10
FNH:0
FNDA:0,VOBBoundingBox
FNDA:0,(anonymous_10)
FNDA:0,(anonymous_11)
FNDA:0,(anonymous_12)
FNDA:0,(anonymous_13)
FNDA:0,(anonymous_14)
FNDA:0,(anonymous_15)
FNDA:0,(anonymous_16)
FNDA:0,(anonymous_17)
FNDA:0,(anonymous_18)
DA:1,0
DA:2,0
DA:3,0
DA:4,0
DA:5,0
DA:6,0
DA:18,0
DA:24,0
DA:27,0
DA:28,0
DA:36,0
DA:37,0
DA:41,0
DA:42,0
DA:43,0
DA:46,0
DA:66,0
DA:67,0
DA:68,0
DA:69,0
DA:70,0
DA:71,0
DA:74,0
DA:78,0
DA:79,0
DA:80,0
DA:83,0
DA:84,0
DA:85,0
DA:89,0
DA:91,0
DA:92,0
DA:93,0
DA:94,0
DA:95,0
DA:97,0
DA:99,0
DA:101,0
DA:102,0
DA:103,0
DA:104,0
DA:105,0
DA:106,0
DA:113,0
DA:114,0
DA:115,0
DA:116,0
DA:118,0
DA:122,0
DA:123,0
DA:125,0
DA:126,0
DA:127,0
DA:129,0
DA:133,0
DA:134,0
DA:137,0
DA:138,0
DA:139,0
DA:142,0
DA:143,0
DA:146,0
DA:147,0
DA:150,0
LF:64
LH:0
BRDA:20,0,0,0
BRDA:21,1,0,0
BRDA:22,2,0,0
BRDA:92,3,0,0
BRDA:102,4,0,0
BRDA:105,5,0,0
BRDA:114,6,0,0
BRDA:114,7,0,0
BRDA:114,7,1,0
BRDA:114,7,2,0
BRDA:115,8,0,0
BRDA:125,9,0,0
BRDA:126,10,0,0
BRDA:146,11,0,0
BRDA:146,12,0,0
BRDA:146,12,1,0
BRDA:150,13,0,0
BRDA:150,13,1,0
BRF:18
BRH:0
end_of_record
TN:
SF:src/vob-click-handler.tsx
FN:10,VobClickHandler
FN:13,(anonymous_10)
FN:18,(anonymous_11)
FN:52,(anonymous_12)
FNF:4
FNH:0
FNDA:0,VobClickHandler
FNDA:0,(anonymous_10)
FNDA:0,(anonymous_11)
FNDA:0,(anonymous_12)
DA:1,0
DA:2,0
DA:3,0
DA:10,0
DA:11,0
DA:13,0
DA:14,0
DA:16,0
DA:18,0
DA:20,0
DA:23,0
DA:24,0
DA:25,0
DA:26,0
DA:29,0
DA:32,0
DA:35,0
DA:36,0
DA:39,0
DA:40,0
DA:41,0
DA:42,0
DA:43,0
DA:45,0
DA:50,0
DA:52,0
DA:53,0
DA:57,0
LF:28
LH:0
BRDA:14,0,0,0
BRDA:20,1,0,0
BRDA:40,2,0,0
BRF:3
BRH:0
end_of_record
TN:
SF:src/vob-renderer.tsx
FN:19,VOBRenderer
FN:52,(anonymous_10)
FN:58,(anonymous_11)
FN:79,(anonymous_12)
FN:88,collectVobTree
FN:145,(anonymous_14)
FN:153,(anonymous_15)
FN:190,(anonymous_16)
FN:205,(anonymous_17)
FN:237,(anonymous_18)
FN:244,(anonymous_19)
FN:303,(anonymous_20)
FN:363,(anonymous_21)
FN:467,getAccumulatedTransform
FN:566,(anonymous_23)
FN:629,(anonymous_24)
FN:728,(anonymous_25)
FN:784,(anonymous_26)
FN:820,(anonymous_27)
FN:826,(anonymous_28)
FN:840,(anonymous_29)
FN:853,(anonymous_30)
FN:858,(anonymous_31)
FN:876,(anonymous_32)
FNF:24
FNH:12
FNDA:22,VOBRenderer
FNDA:22,(anonymous_10)
FNDA:19,(anonymous_11)
FNDA:19,(anonymous_12)
FNDA:34,collectVobTree
FNDA:21,(anonymous_14)
FNDA:0,(anonymous_15)
FNDA:0,(anonymous_16)
FNDA:0,(anonymous_17)
FNDA:0,(anonymous_18)
FNDA:4,(anonymous_19)
FNDA:4,(anonymous_20)
FNDA:0,(anonymous_21)
FNDA:0,getAccumulatedTransform
FNDA:0,(anonymous_23)
FNDA:0,(anonymous_24)
FNDA:0,(anonymous_25)
FNDA:0,(anonymous_26)
FNDA:21,(anonymous_27)
FNDA:7,(anonymous_28)
FNDA:4,(anonymous_29)
FNDA:19,(anonymous_30)
FNDA:0,(anonymous_31)
FNDA:0,(anonymous_32)
DA:1,1
DA:2,1
DA:3,1
DA:4,1
DA:5,1
DA:6,1
DA:7,1
DA:28,22
DA:29,22
DA:32,22
DA:33,22
DA:34,22
DA:35,22
DA:38,22
DA:41,22
DA:42,22
DA:43,22
DA:44,22
DA:45,22
DA:48,22
DA:49,22
DA:50,22
DA:52,22
DA:54,22
DA:56,19
DA:58,19
DA:59,19
DA:60,19
DA:63,19
DA:66,18
DA:70,1
DA:71,1
DA:75,19
DA:79,22
DA:80,19
DA:81,18
DA:82,18
DA:84,18
DA:85,18
DA:89,34
DA:92,34
DA:93,34
DA:96,34
DA:99,34
DA:107,34
DA:108,29
DA:109,5
DA:110,0
DA:111,0
DA:113,5
DA:117,34
DA:118,29
DA:128,34
DA:129,34
DA:130,1
DA:135,18
DA:136,33
DA:137,33
DA:140,18
DA:141,18
DA:143,18
DA:144,18
DA:145,18
DA:146,21
DA:147,21
DA:148,21
DA:153,22
DA:154,0
DA:161,0
DA:167,0
DA:169,0
DA:177,0
DA:180,0
DA:181,0
DA:182,0
DA:183,0
DA:184,0
DA:185,0
DA:190,0
DA:191,0
DA:196,0
DA:197,0
DA:200,0
DA:201,0
DA:202,0
DA:203,0
DA:205,0
DA:206,0
DA:207,0
DA:208,0
DA:215,0
DA:216,0
DA:217,0
DA:220,0
DA:221,0
DA:237,22
DA:238,0
DA:239,0
DA:244,22
DA:246,4
DA:249,4
DA:250,0
DA:254,4
DA:257,4
DA:258,0
DA:262,4
DA:263,0
DA:267,4
DA:268,0
DA:269,0
DA:270,0
DA:272,0
DA:280,4
DA:281,0
DA:285,4
DA:287,0
DA:288,4
DA:290,0
DA:293,4
DA:294,4
DA:295,0
DA:298,4
DA:303,22
DA:304,4
DA:306,4
DA:308,4
DA:309,4
DA:310,4
DA:314,0
DA:322,0
DA:323,0
DA:324,0
DA:328,0
DA:331,0
DA:334,0
DA:335,0
DA:339,0
DA:342,0
DA:343,0
DA:344,0
DA:347,0
DA:348,0
DA:351,0
DA:354,0
DA:357,0
DA:358,0
DA:363,22
DA:364,0
DA:366,0
DA:367,0
DA:370,0
DA:371,0
DA:372,0
DA:376,0
DA:377,0
DA:378,0
DA:382,0
DA:383,0
DA:386,0
DA:388,0
DA:389,0
DA:391,0
DA:392,0
DA:398,0
DA:399,0
DA:402,0
DA:407,0
DA:408,0
DA:409,0
DA:416,0
DA:417,0
DA:418,0
DA:421,0
DA:422,0
DA:423,0
DA:427,0
DA:436,0
DA:437,0
DA:439,0
DA:442,0
DA:443,0
DA:447,0
DA:448,0
DA:450,0
DA:451,0
DA:454,0
DA:458,0
DA:461,0
DA:464,0
DA:468,0
DA:469,0
DA:472,0
DA:473,0
DA:474,0
DA:475,0
DA:478,0
DA:479,0
DA:480,0
DA:484,0
DA:485,0
DA:486,0
DA:488,0
DA:491,0
DA:495,0
DA:496,0
DA:497,0
DA:498,0
DA:501,0
DA:502,0
DA:503,0
DA:504,0
DA:505,0
DA:506,0
DA:507,0
DA:512,0
DA:513,0
DA:514,0
DA:518,0
DA:526,0
DA:529,0
DA:530,0
DA:531,0
DA:534,0
DA:537,0
DA:538,0
DA:542,0
DA:545,0
DA:546,0
DA:547,0
DA:550,0
DA:551,0
DA:554,0
DA:557,0
DA:560,0
DA:561,0
DA:566,22
DA:567,0
DA:569,0
DA:570,0
DA:573,0
DA:574,0
DA:575,0
DA:579,0
DA:580,0
DA:581,0
DA:585,0
DA:592,0
DA:593,0
DA:597,0
DA:600,0
DA:603,0
DA:606,0
DA:607,0
DA:608,0
DA:611,0
DA:612,0
DA:615,0
DA:618,0
DA:621,0
DA:622,0
DA:629,22
DA:631,0
DA:632,0
DA:633,0
DA:636,0
DA:637,0
DA:640,0
DA:641,0
DA:643,0
DA:645,0
DA:646,0
DA:647,0
DA:649,0
DA:651,0
DA:652,0
DA:653,0
DA:656,0
DA:657,0
DA:659,0
DA:660,0
DA:662,0
DA:663,0
DA:667,0
DA:668,0
DA:669,0
DA:672,0
DA:673,0
DA:675,0
DA:676,0
DA:678,0
DA:679,0
DA:683,0
DA:684,0
DA:685,0
DA:688,0
DA:689,0
DA:692,0
DA:697,0
DA:698,0
DA:701,0
DA:702,0
DA:704,0
DA:705,0
DA:706,0
DA:710,0
DA:711,0
DA:714,0
DA:715,0
DA:719,0
DA:720,0
DA:722,0
DA:723,0
DA:728,22
DA:730,0
DA:731,0
DA:732,0
DA:735,0
DA:736,0
DA:737,0
DA:738,0
DA:741,0
DA:742,0
DA:745,0
DA:746,0
DA:748,0
DA:749,0
DA:750,0
DA:753,0
DA:754,0
DA:755,0
DA:759,0
DA:760,0
DA:761,0
DA:762,0
DA:763,0
DA:764,0
DA:767,0
DA:774,0
DA:775,0
DA:777,0
DA:778,0
DA:784,22
DA:787,0
DA:790,0
DA:791,0
DA:792,0
DA:796,0
DA:797,0
DA:805,0
DA:806,0
DA:807,0
DA:808,0
DA:810,0
DA:811,0
DA:812,0
DA:818,22
DA:820,22
DA:821,21
DA:822,16
DA:823,16
DA:826,7
DA:827,5
DA:828,1
DA:829,1
DA:832,4
DA:833,4
DA:834,0
DA:836,4
DA:838,4
DA:839,4
DA:840,4
DA:841,4
DA:842,4
DA:843,0
DA:844,0
DA:845,0
DA:853,22
DA:854,19
DA:855,19
DA:858,0
DA:859,0
DA:861,0
DA:862,0
DA:864,0
DA:865,0
DA:868,0
DA:869,0
DA:871,0
DA:872,0
DA:876,0
DA:880,22
DA:893,1
LF:392
LH:112
BRDA:54,0,0,3
BRDA:54,1,0,22
BRDA:54,1,1,19
BRDA:54,1,2,19
BRDA:88,2,0,0
BRDA:93,3,0,34
BRDA:93,3,1,21
BRDA:99,4,0,34
BRDA:99,4,1,33
BRDA:99,4,2,32
BRDA:99,4,3,6
BRDA:99,4,4,6
BRDA:99,4,5,4
BRDA:99,4,6,30
BRDA:99,4,7,30
BRDA:107,5,0,29
BRDA:107,5,1,5
BRDA:109,6,0,0
BRDA:109,6,1,5
BRDA:111,7,0,0
BRDA:111,7,1,0
BRDA:117,8,0,29
BRDA:117,9,0,34
BRDA:117,9,1,5
BRDA:117,9,2,0
BRDA:117,9,3,0
BRDA:147,10,0,21
BRDA:147,10,1,0
BRDA:167,11,0,0
BRDA:182,12,0,0
BRDA:202,13,0,0
BRDA:207,14,0,0
BRDA:220,15,0,0
BRDA:238,16,0,0
BRDA:238,17,0,0
BRDA:238,17,1,0
BRDA:244,18,0,0
BRDA:246,19,0,4
BRDA:246,19,1,0
BRDA:249,20,0,0
BRDA:257,21,0,0
BRDA:257,22,0,4
BRDA:257,22,1,4
BRDA:262,23,0,0
BRDA:262,24,0,4
BRDA:262,24,1,4
BRDA:267,25,0,0
BRDA:269,26,0,0
BRDA:280,27,0,0
BRDA:280,28,0,4
BRDA:280,28,1,0
BRDA:280,28,2,0
BRDA:280,28,3,0
BRDA:285,29,0,0
BRDA:285,29,1,4
BRDA:288,30,0,0
BRDA:288,30,1,4
BRDA:294,31,0,0
BRDA:304,32,0,0
BRDA:309,33,0,4
BRDA:322,34,0,0
BRDA:322,35,0,0
BRDA:322,35,1,0
BRDA:322,35,2,0
BRDA:334,36,0,0
BRDA:334,37,0,0
BRDA:334,37,1,0
BRDA:334,37,2,0
BRDA:342,38,0,0
BRDA:342,38,1,0
BRDA:347,39,0,0
BRDA:364,40,0,0
BRDA:371,41,0,0
BRDA:377,42,0,0
BRDA:386,43,0,0
BRDA:389,44,0,0
BRDA:389,44,1,0
BRDA:391,45,0,0
BRDA:408,46,0,0
BRDA:418,47,0,0
BRDA:422,48,0,0
BRDA:422,49,0,0
BRDA:422,49,1,0
BRDA:442,50,0,0
BRDA:450,51,0,0
BRDA:473,52,0,0
BRDA:473,52,1,0
BRDA:498,53,0,0
BRDA:502,54,0,0
BRDA:502,54,1,0
BRDA:502,55,0,0
BRDA:502,55,1,0
BRDA:504,56,0,0
BRDA:504,56,1,0
BRDA:505,57,0,0
BRDA:505,58,0,0
BRDA:505,58,1,0
BRDA:513,59,0,0
BRDA:513,60,0,0
BRDA:513,60,1,0
BRDA:529,61,0,0
BRDA:537,62,0,0
BRDA:545,63,0,0
BRDA:545,63,1,0
BRDA:550,64,0,0
BRDA:567,65,0,0
BRDA:574,66,0,0
BRDA:580,67,0,0
BRDA:592,68,0,0
BRDA:606,69,0,0
BRDA:606,69,1,0
BRDA:611,70,0,0
BRDA:632,71,0,0
BRDA:640,72,0,0
BRDA:640,72,1,0
BRDA:641,73,0,0
BRDA:641,73,1,0
BRDA:643,74,0,0
BRDA:652,75,0,0
BRDA:662,76,0,0
BRDA:662,77,0,0
BRDA:662,77,1,0
BRDA:668,78,0,0
BRDA:678,79,0,0
BRDA:678,80,0,0
BRDA:678,80,1,0
BRDA:704,81,0,0
BRDA:704,82,0,0
BRDA:704,82,1,0
BRDA:711,83,0,0
BRDA:711,83,1,0
BRDA:711,83,2,0
BRDA:714,84,0,0
BRDA:714,85,0,0
BRDA:714,85,1,0
BRDA:731,86,0,0
BRDA:737,87,0,0
BRDA:748,88,0,0
BRDA:748,89,0,0
BRDA:748,89,1,0
BRDA:753,90,0,0
BRDA:821,91,0,16
BRDA:827,92,0,1
BRDA:833,93,0,0
BRDA:833,93,1,4
BRDA:838,94,0,4
BRDA:842,95,0,0
BRDA:844,96,0,0
BRDA:854,97,0,19
BRDA:854,98,0,19
BRDA:854,98,1,0
BRDA:864,99,0,0
BRDA:871,100,0,0
BRDA:871,101,0,0
BRDA:871,101,1,0
BRDA:871,101,2,0
BRDA:882,102,0,22
BRDA:882,102,1,0
BRF:158
BRH:37
end_of_record
TN:
SF:src/vob-tree.tsx
FN:41,buildVOBTree
FN:48,(anonymous_1)
FN:95,buildWaypointsTree
FN:127,(anonymous_3)
FN:136,flattenTree
FN:163,VOBTree
FN:168,(anonymous_6)
FN:173,(anonymous_7)
FN:178,(anonymous_8)
FN:192,(anonymous_9)
FN:197,(anonymous_10)
FN:205,(anonymous_11)
FN:206,(anonymous_12)
FN:219,(anonymous_13)
FN:220,(anonymous_14)
FN:224,(anonymous_15)
FN:228,(anonymous_16)
FN:229,(anonymous_17)
FN:230,(anonymous_18)
FN:241,(anonymous_19)
FN:246,(anonymous_20)
FN:247,(anonymous_21)
FN:259,(anonymous_22)
FN:277,(anonymous_23)
FN:282,(anonymous_24)
FN:302,(anonymous_25)
FN:335,(anonymous_26)
FN:355,(anonymous_27)
FN:358,(anonymous_28)
FN:372,(anonymous_29)
FN:376,(anonymous_30)
FN:387,(anonymous_31)
FN:414,(anonymous_32)
FN:431,(anonymous_33)
FN:439,(anonymous_34)
FN:444,(anonymous_35)
FN:471,(anonymous_36)
FN:553,(anonymous_37)
FN:554,(anonymous_38)
FN:555,(anonymous_39)
FN:556,(anonymous_40)
FN:557,(anonymous_41)
FN:594,(anonymous_42)
FN:606,(anonymous_43)
FN:610,(anonymous_44)
FNF:45
FNH:0
FNDA:0,buildVOBTree
FNDA:0,(anonymous_1)
FNDA:0,buildWaypointsTree
FNDA:0,(anonymous_3)
FNDA:0,flattenTree
FNDA:0,VOBTree
FNDA:0,(anonymous_6)
FNDA:0,(anonymous_7)
FNDA:0,(anonymous_8)
FNDA:0,(anonymous_9)
FNDA:0,(anonymous_10)
FNDA:0,(anonymous_11)
FNDA:0,(anonymous_12)
FNDA:0,(anonymous_13)
FNDA:0,(anonymous_14)
FNDA:0,(anonymous_15)
FNDA:0,(anonymous_16)
FNDA:0,(anonymous_17)
FNDA:0,(anonymous_18)
FNDA:0,(anonymous_19)
FNDA:0,(anonymous_20)
FNDA:0,(anonymous_21)
FNDA:0,(anonymous_22)
FNDA:0,(anonymous_23)
FNDA:0,(anonymous_24)
FNDA:0,(anonymous_25)
FNDA:0,(anonymous_26)
FNDA:0,(anonymous_27)
FNDA:0,(anonymous_28)
FNDA:0,(anonymous_29)
FNDA:0,(anonymous_30)
FNDA:0,(anonymous_31)
FNDA:0,(anonymous_32)
FNDA:0,(anonymous_33)
FNDA:0,(anonymous_34)
FNDA:0,(anonymous_35)
FNDA:0,(anonymous_36)
FNDA:0,(anonymous_37)
FNDA:0,(anonymous_38)
FNDA:0,(anonymous_39)
FNDA:0,(anonymous_40)
FNDA:0,(anonymous_41)
FNDA:0,(anonymous_42)
FNDA:0,(anonymous_43)
FNDA:0,(anonymous_44)
DA:1,0
DA:2,0
DA:4,0
DA:42,0
DA:44,0
DA:45,0
DA:46,0
DA:48,0
DA:49,0
DA:50,0
DA:54,0
DA:55,0
DA:56,0
DA:57,0
DA:58,0
DA:62,0
DA:63,0
DA:66,0
DA:68,0
DA:86,0
DA:87,0
DA:88,0
DA:89,0
DA:92,0
DA:96,0
DA:98,0
DA:99,0
DA:100,0
DA:101,0
DA:104,0
DA:105,0
DA:107,0
DA:108,0
DA:109,0
DA:111,0
DA:112,0
DA:127,0
DA:128,0
DA:130,0
DA:131,0
DA:141,0
DA:143,0
DA:144,0
DA:145,0
DA:147,0
DA:155,0
DA:156,0
DA:160,0
DA:163,0
DA:164,0
DA:165,0
DA:166,0
DA:168,0
DA:169,0
DA:170,0
DA:173,0
DA:174,0
DA:175,0
DA:178,0
DA:179,0
DA:180,0
DA:192,0
DA:193,0
DA:195,0
DA:197,0
DA:199,0
DA:204,0
DA:205,0
DA:206,0
DA:208,0
DA:209,0
DA:215,0
DA:218,0
DA:219,0
DA:220,0
DA:223,0
DA:224,0
DA:228,0
DA:229,0
DA:230,0
DA:231,0
DA:234,0
DA:237,0
DA:240,0
DA:241,0
DA:246,0
DA:247,0
DA:248,0
DA:249,0
DA:250,0
DA:252,0
DA:254,0
DA:259,0
DA:260,0
DA:261,0
DA:262,0
DA:264,0
DA:265,0
DA:266,0
DA:269,0
DA:273,0
DA:274,0
DA:277,0
DA:278,0
DA:282,0
DA:283,0
DA:284,0
DA:288,0
DA:289,0
DA:293,0
DA:294,0
DA:295,0
DA:299,0
DA:302,0
DA:303,0
DA:304,0
DA:305,0
DA:307,0
DA:308,0
DA:310,0
DA:311,0
DA:312,0
DA:313,0
DA:314,0
DA:316,0
DA:319,0
DA:322,0
DA:325,0
DA:326,0
DA:327,0
DA:330,0
DA:331,0
DA:335,0
DA:336,0
DA:338,0
DA:339,0
DA:340,0
DA:344,0
DA:345,0
DA:348,0
DA:349,0
DA:351,0
DA:355,0
DA:357,0
DA:358,0
DA:361,0
DA:362,0
DA:364,0
DA:372,0
DA:376,0
DA:377,0
DA:379,0
DA:383,0
DA:387,0
DA:388,0
DA:389,0
DA:391,0
DA:392,0
DA:394,0
DA:415,0
DA:417,0
DA:418,0
DA:420,0
DA:421,0
DA:424,0
DA:425,0
DA:426,0
DA:427,0
DA:433,0
DA:434,0
DA:435,0
DA:436,0
DA:440,0
DA:441,0
DA:445,0
DA:446,0
DA:448,0
DA:472,0
DA:474,0
DA:475,0
DA:476,0
DA:477,0
DA:478,0
DA:479,0
DA:480,0
DA:481,0
DA:482,0
DA:483,0
DA:487,0
DA:514,0
DA:515,0
DA:537,0
DA:553,0
DA:554,0
DA:555,0
DA:556,0
DA:557,0
DA:594,0
DA:607,0
DA:608,0
DA:611,0
DA:612,0
LF:202
LH:0
BRDA:42,0,0,0
BRDA:49,1,0,0
BRDA:49,1,1,0
BRDA:50,2,0,0
BRDA:50,2,1,0
BRDA:50,3,0,0
BRDA:50,3,1,0
BRDA:55,4,0,0
BRDA:55,4,1,0
BRDA:66,5,0,0
BRDA:66,5,1,0
BRDA:66,5,2,0
BRDA:73,6,0,0
BRDA:73,6,1,0
BRDA:79,7,0,0
BRDA:79,7,1,0
BRDA:80,8,0,0
BRDA:80,8,1,0
BRDA:81,9,0,0
BRDA:81,9,1,0
BRDA:96,10,0,0
BRDA:100,11,0,0
BRDA:100,12,0,0
BRDA:100,12,1,0
BRDA:100,12,2,0
BRDA:109,13,0,0
BRDA:111,14,0,0
BRDA:111,14,1,0
BRDA:120,15,0,0
BRDA:120,15,1,0
BRDA:121,16,0,0
BRDA:121,16,1,0
BRDA:122,17,0,0
BRDA:122,17,1,0
BRDA:139,18,0,0
BRDA:155,19,0,0
BRDA:155,20,0,0
BRDA:155,20,1,0
BRDA:169,21,0,0
BRDA:174,22,0,0
BRDA:179,23,0,0
BRDA:193,24,0,0
BRDA:199,25,0,0
BRDA:199,25,1,0
BRDA:199,25,2,0
BRDA:199,25,3,0
BRDA:199,25,4,0
BRDA:199,25,5,0
BRDA:199,25,6,0
BRDA:208,26,0,0
BRDA:208,27,0,0
BRDA:208,27,1,0
BRDA:249,28,0,0
BRDA:249,28,1,0
BRDA:261,29,0,0
BRDA:261,30,0,0
BRDA:261,30,1,0
BRDA:265,31,0,0
BRDA:283,32,0,0
BRDA:283,33,0,0
BRDA:283,33,1,0
BRDA:283,33,2,0
BRDA:288,34,0,0
BRDA:294,35,0,0
BRDA:302,36,0,0
BRDA:304,37,0,0
BRDA:307,38,0,0
BRDA:307,39,0,0
BRDA:307,39,1,0
BRDA:311,40,0,0
BRDA:313,41,0,0
BRDA:313,42,0,0
BRDA:313,42,1,0
BRDA:330,43,0,0
BRDA:339,44,0,0
BRDA:348,45,0,0
BRDA:361,46,0,0
BRDA:361,47,0,0
BRDA:361,47,1,0
BRDA:379,48,0,0
BRDA:379,48,1,0
BRDA:379,48,2,0
BRDA:379,48,3,0
BRDA:379,48,4,0
BRDA:379,48,5,0
BRDA:383,49,0,0
BRDA:383,49,1,0
BRDA:389,50,0,0
BRDA:392,51,0,0
BRDA:392,51,1,0
BRDA:392,51,2,0
BRDA:411,52,0,0
BRDA:411,52,1,0
BRDA:412,53,0,0
BRDA:412,53,1,0
BRDA:417,54,0,0
BRDA:417,54,1,0
BRDA:420,55,0,0
BRDA:420,56,0,0
BRDA:420,56,1,0
BRDA:420,56,2,0
BRDA:424,57,0,0
BRDA:424,57,1,0
BRDA:424,58,0,0
BRDA:424,58,1,0
BRDA:426,59,0,0
BRDA:426,60,0,0
BRDA:426,60,1,0
BRDA:433,61,0,0
BRDA:433,61,1,0
BRDA:433,62,0,0
BRDA:433,62,1,0
BRDA:435,63,0,0
BRDA:435,64,0,0
BRDA:435,64,1,0
BRDA:440,65,0,0
BRDA:445,66,0,0
BRDA:445,66,1,0
BRDA:459,67,0,0
BRDA:459,67,1,0
BRDA:459,68,0,0
BRDA:459,68,1,0
BRDA:474,69,0,0
BRDA:474,69,1,0
BRDA:475,70,0,0
BRDA:475,70,1,0
BRDA:478,71,0,0
BRDA:480,72,0,0
BRDA:480,72,1,0
BRDA:480,73,0,0
BRDA:480,73,1,0
BRDA:482,74,0,0
BRDA:482,75,0,0
BRDA:482,75,1,0
BRDA:487,76,0,0
BRDA:487,76,1,0
BRDA:500,77,0,0
BRDA:500,77,1,0
BRDA:514,78,0,0
BRDA:624,79,0,0
BRDA:624,79,1,0
BRDA:640,80,0,0
BRDA:640,80,1,0
BRF:143
BRH:0
end_of_record
TN:
SF:src/vob-utils.ts
FN:57,getVobTypeName
FN:70,getVobType
FN:99,shouldUseHelperVisual
FN:109,logVobDetails
FN:153,(anonymous_4)
FN:172,(anonymous_5)
FN:186,(anonymous_6)
FN:201,(anonymous_7)
FN:210,findVobByName
FNF:9
FNH:6
FNDA:0,getVobTypeName
FNDA:34,getVobType
FNDA:9,shouldUseHelperVisual
FNDA:0,logVobDetails
FNDA:9,(anonymous_4)
FNDA:5,(anonymous_5)
FNDA:5,(anonymous_6)
FNDA:6,(anonymous_7)
FNDA:0,findVobByName
DA:5,1
DA:57,1
DA:58,0
DA:59,0
DA:61,0
DA:62,0
DA:70,1
DA:71,34
DA:83,1
DA:99,1
DA:100,9
DA:101,9
DA:103,0
DA:109,1
DA:110,0
DA:111,0
DA:112,0
DA:115,0
DA:116,0
DA:119,0
DA:120,0
DA:121,0
DA:122,0
DA:126,0
DA:127,0
DA:128,0
DA:129,0
DA:130,0
DA:134,0
DA:135,0
DA:136,0
DA:137,0
DA:138,0
DA:139,0
DA:143,0
DA:144,0
DA:147,0
DA:149,0
DA:153,1
DA:154,9
DA:156,6
DA:159,6
DA:163,6
DA:169,6
DA:172,1
DA:173,5
DA:175,2
DA:178,2
DA:181,2
DA:183,2
DA:186,1
DA:187,5
DA:189,2
DA:192,2
DA:195,2
DA:197,2
DA:201,1
DA:202,6
DA:203,3
DA:204,3
DA:210,1
DA:212,0
DA:213,0
DA:217,0
DA:218,0
DA:219,0
DA:220,0
DA:221,0
DA:222,0
DA:226,0
LF:70
LH:32
BRDA:58,0,0,0
BRDA:58,1,0,0
BRDA:58,1,1,0
BRDA:62,2,0,0
BRDA:62,2,1,0
BRDA:100,3,0,9
BRDA:100,4,0,9
BRDA:100,4,1,0
BRDA:120,5,0,0
BRDA:121,6,0,0
BRDA:121,6,1,0
BRDA:126,7,0,0
BRDA:128,8,0,0
BRDA:128,8,1,0
BRDA:130,9,0,0
BRDA:130,9,1,0
BRDA:135,10,0,0
BRDA:136,11,0,0
BRDA:137,12,0,0
BRDA:138,13,0,0
BRDA:143,14,0,0
BRDA:143,14,1,0
BRDA:154,15,0,3
BRDA:154,16,0,9
BRDA:154,16,1,6
BRDA:173,17,0,3
BRDA:173,18,0,5
BRDA:173,18,1,2
BRDA:187,19,0,3
BRDA:187,20,0,5
BRDA:187,20,1,2
BRDA:202,21,0,3
BRDA:202,22,0,6
BRDA:202,22,1,3
BRDA:212,23,0,0
BRDA:212,24,0,0
BRDA:212,24,1,0
BRDA:221,25,0,0
BRF:38
BRH:14
end_of_record
TN:
SF:src/water.tsx
FN:20,WaterComponent
FN:39,(anonymous_10)
FN:44,(anonymous_11)
FN:51,(anonymous_12)
FN:75,(anonymous_13)
FNF:5
FNH:0
FNDA:0,WaterComponent
FNDA:0,(anonymous_10)
FNDA:0,(anonymous_11)
FNDA:0,(anonymous_12)
FNDA:0,(anonymous_13)
DA:1,0
DA:2,0
DA:3,0
DA:4,0
DA:20,0
DA:33,0
DA:36,0
DA:39,0
DA:40,0
DA:44,0
DA:45,0
DA:46,0
DA:51,0
DA:52,0
DA:54,0
DA:66,0
DA:67,0
DA:68,0
DA:69,0
DA:71,0
DA:75,0
DA:76,0
DA:77,0
DA:81,0
DA:83,0
LF:25
LH:0
BRDA:21,0,0,0
BRDA:22,1,0,0
BRDA:23,2,0,0
BRDA:24,3,0,0
BRDA:25,4,0,0
BRDA:26,5,0,0
BRDA:27,6,0,0
BRDA:28,7,0,0
BRDA:29,8,0,0
BRDA:30,9,0,0
BRDA:31,10,0,0
BRDA:45,11,0,0
BRDA:52,12,0,0
BRDA:59,13,0,0
BRDA:59,13,1,0
BRDA:60,14,0,0
BRDA:60,14,1,0
BRDA:76,15,0,0
BRDA:81,16,0,0
BRF:19
BRH:0
end_of_record
TN:
SF:src/waynet-renderer.tsx
FN:24,WaynetRenderer
FN:45,(anonymous_10)
FN:82,(anonymous_11)
FN:96,(anonymous_12)
FN:143,(anonymous_13)
FN:208,(anonymous_14)
FN:233,(anonymous_15)
FN:248,(anonymous_16)
FN:277,(anonymous_17)
FN:282,(anonymous_18)
FN:292,(anonymous_19)
FN:299,(anonymous_20)
FN:308,(anonymous_21)
FN:341,(anonymous_22)
FN:361,(anonymous_23)
FNF:15
FNH:0
FNDA:0,WaynetRenderer
FNDA:0,(anonymous_10)
FNDA:0,(anonymous_11)
FNDA:0,(anonymous_12)
FNDA:0,(anonymous_13)
FNDA:0,(anonymous_14)
FNDA:0,(anonymous_15)
FNDA:0,(anonymous_16)
FNDA:0,(anonymous_17)
FNDA:0,(anonymous_18)
FNDA:0,(anonymous_19)
FNDA:0,(anonymous_20)
FNDA:0,(anonymous_21)
FNDA:0,(anonymous_22)
FNDA:0,(anonymous_23)
DA:1,0
DA:2,0
DA:3,0
DA:5,0
DA:6,0
DA:7,0
DA:24,0
DA:25,0
DA:26,0
DA:27,0
DA:28,0
DA:31,0
DA:32,0
DA:33,0
DA:34,0
DA:37,0
DA:40,0
DA:41,0
DA:42,0
DA:45,0
DA:46,0
DA:47,0
DA:50,0
DA:52,0
DA:53,0
DA:57,0
DA:58,0
DA:59,0
DA:60,0
DA:61,0
DA:66,0
DA:67,0
DA:68,0
DA:69,0
DA:70,0
DA:71,0
DA:75,0
DA:77,0
DA:78,0
DA:82,0
DA:83,0
DA:85,0
DA:87,0
DA:88,0
DA:92,0
DA:93,0
DA:94,0
DA:96,0
DA:97,0
DA:98,0
DA:101,0
DA:103,0
DA:105,0
DA:108,0
DA:109,0
DA:110,0
DA:111,0
DA:114,0
DA:115,0
DA:118,0
DA:125,0
DA:126,0
DA:130,0
DA:131,0
DA:132,0
DA:134,0
DA:136,0
DA:137,0
DA:138,0
DA:143,0
DA:144,0
DA:145,0
DA:146,0
DA:147,0
DA:148,0
DA:151,0
DA:153,0
DA:157,0
DA:158,0
DA:161,0
DA:162,0
DA:163,0
DA:166,0
DA:167,0
DA:168,0
DA:170,0
DA:174,0
DA:175,0
DA:176,0
DA:177,0
DA:178,0
DA:182,0
DA:183,0
DA:185,0
DA:186,0
DA:192,0
DA:193,0
DA:194,0
DA:203,0
DA:204,0
DA:208,0
DA:210,0
DA:211,0
DA:214,0
DA:222,0
DA:223,0
DA:225,0
DA:231,0
DA:233,0
DA:239,0
DA:247,0
DA:248,0
DA:249,0
DA:251,0
DA:252,0
DA:255,0
DA:256,0
DA:257,0
DA:258,0
DA:259,0
DA:261,0
DA:265,0
DA:266,0
DA:267,0
DA:268,0
DA:269,0
DA:270,0
DA:277,0
DA:278,0
DA:280,0
DA:282,0
DA:283,0
DA:284,0
DA:286,0
DA:292,0
DA:293,0
DA:294,0
DA:299,0
DA:300,0
DA:302,0
DA:303,0
DA:306,0
DA:308,0
DA:309,0
DA:310,0
DA:312,0
DA:316,0
DA:322,0
DA:324,0
DA:325,0
DA:327,0
DA:334,0
DA:335,0
DA:337,0
DA:341,0
DA:342,0
DA:344,0
DA:345,0
DA:346,0
DA:348,0
DA:352,0
DA:353,0
DA:354,0
DA:356,0
DA:357,0
DA:361,0
DA:362,0
DA:363,0
DA:364,0
DA:367,0
DA:368,0
DA:369,0
DA:375,0
LF:173
LH:0
BRDA:24,0,0,0
BRDA:46,1,0,0
BRDA:46,2,0,0
BRDA:46,2,1,0
BRDA:60,3,0,0
BRDA:70,4,0,0
BRDA:70,5,0,0
BRDA:70,5,1,0
BRDA:83,6,0,0
BRDA:83,7,0,0
BRDA:83,7,1,0
BRDA:83,7,2,0
BRDA:97,8,0,0
BRDA:101,9,0,0
BRDA:109,10,0,0
BRDA:115,11,0,0
BRDA:125,12,0,0
BRDA:125,13,0,0
BRDA:125,13,1,0
BRDA:125,13,2,0
BRDA:151,14,0,0
BRDA:151,15,0,0
BRDA:151,15,1,0
BRDA:151,15,2,0
BRDA:151,15,3,0
BRDA:175,16,0,0
BRDA:182,17,0,0
BRDA:182,17,1,0
BRDA:183,18,0,0
BRDA:183,18,1,0
BRDA:210,19,0,0
BRDA:210,20,0,0
BRDA:210,20,1,0
BRDA:210,20,2,0
BRDA:210,20,3,0
BRDA:223,21,0,0
BRDA:223,21,1,0
BRDA:223,22,0,0
BRDA:223,22,1,0
BRDA:231,23,0,0
BRDA:249,24,0,0
BRDA:255,25,0,0
BRDA:267,26,0,0
BRDA:267,27,0,0
BRDA:267,27,1,0
BRDA:278,28,0,0
BRDA:278,29,0,0
BRDA:278,29,1,0
BRDA:278,29,2,0
BRDA:283,30,0,0
BRDA:283,30,1,0
BRDA:293,31,0,0
BRDA:293,32,0,0
BRDA:293,32,1,0
BRDA:300,33,0,0
BRDA:300,34,0,0
BRDA:300,34,1,0
BRDA:300,34,2,0
BRDA:312,35,0,0
BRDA:312,36,0,0
BRDA:312,36,1,0
BRDA:322,37,0,0
BRDA:342,38,0,0
BRDA:344,39,0,0
BRDA:352,40,0,0
BRDA:352,41,0,0
BRDA:352,41,1,0
BRDA:353,42,0,0
BRDA:362,43,0,0
BRDA:367,44,0,0
BRF:70
BRH:0
end_of_record
TN:
SF:src/world-renderer.tsx
FN:9,WorldRenderer
FN:19,(anonymous_10)
FN:25,(anonymous_11)
FN:30,(anonymous_12)
FN:102,(anonymous_13)
FN:107,(anonymous_14)
FNF:6
FNH:0
FNDA:0,WorldRenderer
FNDA:0,(anonymous_10)
FNDA:0,(anonymous_11)
FNDA:0,(anonymous_12)
FNDA:0,(anonymous_13)
FNDA:0,(anonymous_14)
DA:1,0
DA:2,0
DA:4,0
DA:5,0
DA:6,0
DA:15,0
DA:16,0
DA:17,0
DA:19,0
DA:21,0
DA:23,0
DA:25,0
DA:26,0
DA:27,0
DA:30,0
DA:31,0
DA:32,0
DA:35,0
DA:36,0
DA:37,0
DA:38,0
DA:39,0
DA:41,0
DA:42,0
DA:46,0
DA:49,0
DA:50,0
DA:51,0
DA:54,0
DA:55,0
DA:57,0
DA:60,0
DA:61,0
DA:63,0
DA:64,0
DA:68,0
DA:69,0
DA:72,0
DA:75,0
DA:77,0
DA:78,0
DA:79,0
DA:81,0
DA:84,0
DA:87,0
DA:89,0
DA:90,0
DA:91,0
DA:97,0
DA:100,0
DA:101,0
DA:102,0
DA:103,0
DA:104,0
DA:105,0
DA:108,0
DA:114,0
DA:116,0
DA:119,0
DA:120,0
DA:122,0
DA:123,0
DA:126,0
DA:127,0
DA:128,0
DA:132,0
DA:135,0
DA:138,0
LF:68
LH:0
BRDA:21,0,0,0
BRDA:50,1,0,0
BRDA:63,2,0,0
BRDA:63,3,0,0
BRDA:63,3,1,0
BRDA:64,4,0,0
BRDA:64,4,1,0
BRDA:68,5,0,0
BRDA:100,6,0,0
BRDA:100,7,0,0
BRDA:100,7,1,0
BRDA:103,8,0,0
BRDA:103,9,0,0
BRDA:103,9,1,0
BRDA:135,10,0,0
BRDA:135,10,1,0
BRF:16
BRH:0
end_of_record
TN:
SF:src/character/animation.ts
FN:22,loadAnimationSequence
FN:88,evaluatePose
FNF:2
FNH:0
FNDA:0,loadAnimationSequence
FNDA:0,evaluatePose
DA:1,0
DA:4,0
DA:22,0
DA:29,0
DA:30,0
DA:31,0
DA:33,0
DA:34,0
DA:37,0
DA:38,0
DA:40,0
DA:43,0
DA:44,0
DA:45,0
DA:47,0
DA:48,0
DA:49,0
DA:50,0
DA:52,0
DA:53,0
DA:54,0
DA:57,0
DA:58,0
DA:59,0
DA:60,0
DA:61,0
DA:62,0
DA:67,0
DA:75,0
DA:84,0
DA:85,0
DA:88,0
DA:94,0
DA:95,0
DA:96,0
DA:98,0
DA:99,0
DA:100,0
DA:101,0
DA:102,0
DA:104,0
DA:105,0
DA:107,0
DA:108,0
DA:111,0
DA:112,0
DA:113,0
DA:115,0
DA:116,0
DA:117,0
DA:119,0
DA:120,0
DA:121,0
DA:123,0
DA:124,0
DA:127,0
DA:128,0
DA:130,0
DA:131,0
DA:134,0
DA:135,0
DA:136,0
DA:137,0
DA:139,0
DA:143,0
DA:144,0
DA:145,0
DA:146,0
DA:147,0
DA:148,0
DA:149,0
DA:150,0
DA:151,0
DA:152,0
DA:155,0
DA:156,0
DA:157,0
DA:162,0
DA:163,0
LF:79
LH:0
BRDA:31,0,0,0
BRDA:45,1,0,0
BRDA:47,2,0,0
BRDA:47,2,1,0
BRDA:48,3,0,0
BRDA:48,3,1,0
BRDA:49,4,0,0
BRDA:49,4,1,0
BRDA:50,5,0,0
BRDA:50,6,0,0
BRDA:50,6,1,0
BRDA:50,6,2,0
BRDA:61,7,0,0
BRDA:61,7,1,0
BRDA:61,8,0,0
BRDA:61,8,1,0
BRDA:61,8,2,0
BRDA:96,9,0,0
BRDA:96,10,0,0
BRDA:96,10,1,0
BRDA:96,10,2,0
BRDA:98,11,0,0
BRDA:98,11,1,0
BRDA:101,12,0,0
BRDA:101,12,1,0
BRDA:113,13,0,0
BRDA:113,14,0,0
BRDA:113,14,1,0
BRDA:117,15,0,0
BRDA:117,16,0,0
BRDA:117,16,1,0
BRDA:136,17,0,0
BRDA:136,17,1,0
BRDA:143,18,0,0
BRDA:143,19,0,0
BRDA:143,19,1,0
BRDA:155,20,0,0
BRF:37
BRH:0
end_of_record
TN:
SF:src/character/binary-cache.ts
FN:3,fetchBinaryCached
FNF:1
FNH:0
FNDA:0,fetchBinaryCached
DA:3,0
DA:4,0
DA:5,0
DA:7,0
DA:8,0
DA:9,0
DA:12,0
DA:13,0
DA:14,0
DA:15,0
LF:10
LH:0
BRDA:5,0,0,0
BRDA:8,1,0,0
BRF:2
BRH:0
end_of_record
TN:
SF:src/character/cpu-skinning.ts
FN:17,applyCpuSkinning
FNF:1
FNH:0
FNDA:0,applyCpuSkinning
DA:1,0
DA:17,0
DA:18,0
DA:19,0
DA:20,0
DA:22,0
DA:23,0
DA:24,0
DA:25,0
DA:26,0
DA:27,0
DA:30,0
DA:31,0
DA:32,0
DA:34,0
DA:35,0
DA:37,0
DA:38,0
DA:39,0
DA:41,0
DA:42,0
DA:43,0
DA:44,0
DA:45,0
DA:49,0
DA:50,0
DA:51,0
DA:56,0
DA:57,0
LF:29
LH:0
BRDA:24,0,0,0
BRDA:24,1,0,0
BRDA:24,1,1,0
BRDA:30,2,0,0
BRDA:35,3,0,0
BRDA:35,4,0,0
BRDA:35,4,1,0
BRDA:41,5,0,0
BRDA:50,6,0,0
BRF:9
BRH:0
end_of_record
TN:
SF:src/character/head.ts
FN:16,findHeadBoneIndex
FN:27,loadHeadMesh
FN:71,(anonymous_11)
FNF:3
FNH:0
FNDA:0,findHeadBoneIndex
FNDA:0,loadHeadMesh
FNDA:0,(anonymous_11)
DA:1,0
DA:3,0
DA:5,0
DA:7,0
DA:16,0
DA:17,0
DA:18,0
DA:19,0
DA:20,0
DA:21,0
DA:24,0
DA:27,0
DA:37,0
DA:38,0
DA:39,0
DA:40,0
DA:41,0
DA:43,0
DA:44,0
DA:49,0
DA:50,0
DA:52,0
DA:53,0
DA:55,0
DA:58,0
DA:59,0
DA:60,0
DA:62,0
DA:63,0
DA:65,0
DA:66,0
DA:68,0
DA:69,0
DA:71,0
DA:72,0
DA:73,0
DA:74,0
DA:75,0
DA:78,0
DA:79,0
DA:80,0
DA:81,0
DA:83,0
DA:84,0
DA:85,0
DA:86,0
DA:87,0
DA:90,0
DA:91,0
DA:94,0
DA:95,0
DA:96,0
DA:97,0
DA:100,0
LF:54
LH:0
BRDA:18,0,0,0
BRDA:18,0,1,0
BRDA:20,1,0,0
BRDA:20,2,0,0
BRDA:20,2,1,0
BRDA:38,3,0,0
BRDA:38,3,1,0
BRDA:38,4,0,0
BRDA:38,4,1,0
BRDA:39,5,0,0
BRDA:39,5,1,0
BRDA:40,6,0,0
BRDA:40,6,1,0
BRDA:41,7,0,0
BRDA:41,7,1,0
BRDA:49,8,0,0
BRDA:60,9,0,0
BRDA:60,10,0,0
BRDA:60,10,1,0
BRDA:63,11,0,0
BRDA:63,12,0,0
BRDA:63,12,1,0
BRDA:63,12,2,0
BRDA:72,13,0,0
BRDA:72,13,1,0
BRDA:74,14,0,0
BRDA:74,14,1,0
BRDA:80,15,0,0
BRDA:80,15,1,0
BRDA:84,16,0,0
BRDA:84,16,1,0
BRDA:86,17,0,0
BRF:32
BRH:0
end_of_record
TN:
SF:src/character/human-character.ts
FN:26,createHumanCharacterInstance
FN:110,(anonymous_10)
FN:125,(anonymous_11)
FN:178,(anonymous_12)
FN:190,(anonymous_13)
FNF:5
FNH:0
FNDA:0,createHumanCharacterInstance
FNDA:0,(anonymous_10)
FNDA:0,(anonymous_11)
FNDA:0,(anonymous_12)
FNDA:0,(anonymous_13)
DA:1,0
DA:5,0
DA:6,0
DA:7,0
DA:8,0
DA:9,0
DA:10,0
DA:11,0
DA:26,0
DA:57,0
DA:58,0
DA:60,0
DA:61,0
DA:62,0
DA:64,0
DA:65,0
DA:66,0
DA:67,0
DA:68,0
DA:70,0
DA:72,0
DA:73,0
DA:75,0
DA:76,0
DA:77,0
DA:79,0
DA:80,0
DA:81,0
DA:83,0
DA:84,0
DA:85,0
DA:87,0
DA:88,0
DA:91,0
DA:92,0
DA:95,0
DA:96,0
DA:97,0
DA:99,0
DA:101,0
DA:102,0
DA:103,0
DA:105,0
DA:111,0
DA:112,0
DA:113,0
DA:119,0
DA:120,0
DA:121,0
DA:125,0
DA:126,0
DA:127,0
DA:128,0
DA:129,0
DA:139,0
DA:140,0
DA:143,0
DA:153,0
DA:154,0
DA:158,0
DA:159,0
DA:165,0
DA:166,0
DA:167,0
DA:169,0
DA:172,0
DA:173,0
DA:175,0
DA:176,0
DA:178,0
DA:179,0
DA:180,0
DA:182,0
DA:183,0
DA:185,0
DA:186,0
DA:190,0
DA:191,0
DA:192,0
DA:195,0
DA:197,0
DA:198,0
DA:199,0
DA:200,0
LF:84
LH:0
BRDA:46,0,0,0
BRDA:47,1,0,0
BRDA:48,2,0,0
BRDA:49,3,0,0
BRDA:51,4,0,0
BRDA:52,5,0,0
BRDA:54,6,0,0
BRDA:55,7,0,0
BRDA:56,8,0,0
BRDA:66,9,0,0
BRDA:66,9,1,0
BRDA:67,10,0,0
BRDA:77,11,0,0
BRDA:77,12,0,0
BRDA:77,12,1,0
BRDA:81,13,0,0
BRDA:81,14,0,0
BRDA:81,14,1,0
BRDA:96,15,0,0
BRDA:96,15,1,0
BRDA:97,16,0,0
BRDA:103,17,0,0
BRDA:111,18,0,0
BRDA:111,18,1,0
BRDA:112,19,0,0
BRDA:127,20,0,0
BRDA:127,20,1,0
BRDA:128,21,0,0
BRDA:128,21,1,0
BRDA:128,22,0,0
BRDA:128,22,1,0
BRDA:134,23,0,0
BRDA:134,23,1,0
BRDA:139,24,0,0
BRDA:148,25,0,0
BRDA:148,25,1,0
BRDA:153,26,0,0
BRDA:158,27,0,0
BRDA:159,28,0,0
BRDA:159,28,1,0
BRDA:169,29,0,0
BRDA:169,29,1,0
BRDA:179,30,0,0
BRDA:183,31,0,0
BRF:44
BRH:0
end_of_record
TN:
SF:src/character/skeleton.ts
FN:19,matrix4x4DataToMatrix4
FN:28,buildSkeletonFromHierarchy
FN:94,(anonymous_11)
FNF:3
FNH:0
FNDA:0,matrix4x4DataToMatrix4
FNDA:0,buildSkeletonFromHierarchy
FNDA:0,(anonymous_11)
DA:1,0
DA:20,0
DA:21,0
DA:22,0
DA:23,0
DA:25,0
DA:28,0
DA:29,0
DA:30,0
DA:31,0
DA:33,0
DA:34,0
DA:35,0
DA:36,0
DA:37,0
DA:39,0
DA:40,0
DA:41,0
DA:43,0
DA:44,0
DA:45,0
DA:47,0
DA:54,0
DA:55,0
DA:56,0
DA:57,0
DA:59,0
DA:63,0
DA:64,0
DA:65,0
DA:66,0
DA:68,0
DA:69,0
DA:70,0
DA:71,0
DA:74,0
DA:75,0
DA:76,0
DA:77,0
DA:78,0
DA:79,0
DA:80,0
DA:82,0
DA:85,0
DA:86,0
DA:87,0
DA:88,0
DA:90,0
DA:94,0
DA:96,0
LF:50
LH:0
BRDA:48,0,0,0
BRDA:48,0,1,0
BRDA:56,1,0,0
BRDA:56,1,1,0
BRDA:68,2,0,0
BRDA:87,3,0,0
BRDA:87,3,1,0
BRF:7
BRH:0
end_of_record
TN:
SF:src/character/soft-skin.ts
FN:7,buildSoftSkinMeshCPU
FNF:1
FNH:0
FNDA:0,buildSoftSkinMeshCPU
DA:1,0
DA:3,0
DA:4,0
DA:7,0
DA:14,0
DA:16,0
DA:17,0
DA:18,0
DA:19,0
DA:21,0
DA:22,0
DA:23,0
DA:24,0
DA:25,0
DA:27,0
DA:28,0
DA:29,0
DA:31,0
DA:32,0
DA:33,0
DA:35,0
DA:37,0
DA:38,0
DA:40,0
DA:41,0
DA:43,0
DA:44,0
DA:45,0
DA:46,0
DA:48,0
DA:49,0
DA:51,0
DA:52,0
DA:53,0
DA:55,0
DA:56,0
DA:57,0
DA:58,0
DA:59,0
DA:61,0
DA:62,0
DA:63,0
DA:65,0
DA:66,0
DA:67,0
DA:69,0
DA:78,0
DA:79,0
DA:80,0
DA:81,0
DA:84,0
DA:87,0
DA:92,0
DA:95,0
DA:96,0
DA:97,0
DA:98,0
DA:99,0
DA:101,0
DA:102,0
DA:103,0
DA:105,0
DA:106,0
DA:109,0
DA:110,0
DA:111,0
DA:112,0
DA:114,0
DA:121,0
DA:122,0
DA:123,0
DA:124,0
DA:125,0
DA:126,0
DA:127,0
DA:128,0
DA:129,0
DA:130,0
DA:133,0
DA:134,0
DA:135,0
DA:140,0
DA:143,0
DA:144,0
DA:146,0
DA:153,0
LF:86
LH:0
BRDA:35,0,0,0
BRDA:35,0,1,0
BRDA:57,1,0,0
BRDA:59,2,0,0
BRDA:59,2,1,0
BRDA:112,3,0,0
BRDA:112,3,1,0
BRDA:121,4,0,0
BRDA:121,5,0,0
BRDA:121,5,1,0
BRDA:122,6,0,0
BRDA:122,6,1,0
BRDA:124,7,0,0
BRDA:126,8,0,0
BRDA:128,9,0,0
BRDA:133,10,0,0
BRDA:143,11,0,0
BRDA:143,11,1,0
BRF:18
BRH:0
end_of_record
